<?xml version="1.0" encoding="UTF-8"?><testsuite errors="1" failures="0" name="Buscar empleados" skipped="0" tests="1" time="7.73" timestamp="2022-09-10 02:30:25"><testcase name="Consultar todos los empleados registrados"><error message="com.fasterxml.jackson.databind.Module: Provider com.fasterxml.jackson.datatype.jdk8.Jdk8Module not found" type="java.util.ServiceConfigurationError">com.fasterxml.jackson.databind.Module: Provider com.fasterxml.jackson.datatype.jdk8.Jdk8Module not found</error><system-err>com.fasterxml.jackson.databind.Module: Provider com.fasterxml.jackson.datatype.jdk8.Jdk8Module not found
com.fasterxml.jackson.databind.ObjectMapper.findModules(ObjectMapper.java:1105)
com.fasterxml.jackson.databind.ObjectMapper.findModules(ObjectMapper.java:1089)
com.fasterxml.jackson.databind.ObjectMapper.findAndRegisterModules(ObjectMapper.java:1139)
io.restassured.path.json.mapper.factory.DefaultJackson2ObjectMapperFactory.create(DefaultJackson2ObjectMapperFactory.java:29)
io.restassured.path.json.mapper.factory.DefaultJackson2ObjectMapperFactory.create(DefaultJackson2ObjectMapperFactory.java:27)
io.restassured.internal.path.json.mapping.JsonPathJackson2ObjectDeserializer.createJackson2ObjectMapper(JsonPathJackson2ObjectDeserializer.java:18)
io.restassured.internal.path.json.mapping.JsonPathJackson2ObjectDeserializer.deserialize(JsonPathJackson2ObjectDeserializer.java:25)
io.restassured.internal.mapping.Jackson2Mapper.deserialize(Jackson2Mapper.groovy:58)
io.restassured.internal.mapping.ObjectMapping.parseWithJackson2(ObjectMapping.groovy:254)
io.restassured.internal.mapping.ObjectMapping.deserialize(ObjectMapping.groovy:56)
io.restassured.internal.RestAssuredResponseOptionsGroovyImpl.as(RestAssuredResponseOptionsGroovyImpl.groovy:231)
io.restassured.internal.RestAssuredResponseOptionsImpl.as(RestAssuredResponseOptionsImpl.java:169)
net.serenitybdd.rest.decorators.ResponseDecorated.as(ResponseDecorated.java:62)
co.com.lulo.question.GetEmployees.answeredBy(GetEmployees.java:12)
co.com.lulo.stepdefinition.get.GetEmployeesStepDefinition.deberaVerLosDatosDeLosEmpleadosRegistrados(GetEmployeesStepDefinition.java:44)
✽.deberá ver los datos de los empleados registrados(file:///Users/jesus.zaraza/practice/lulo/apis_test/src/test/resources/features/get/getemployees.feature:12)
</system-err></testcase></testsuite>